<?xml version="1.0" encoding="UTF-8"?>
<coverage generated="1761680473994" clover="3.2.0">
  <project timestamp="1761680473994" name="All files">
    <metrics statements="18" coveredstatements="4" conditionals="17" coveredconditionals="0" methods="6" coveredmethods="2" elements="41" coveredelements="6" complexity="0" loc="18" ncloc="18" packages="2" files="2" classes="2"/>
    <package name="config">
      <metrics statements="17" coveredstatements="3" conditionals="17" coveredconditionals="0" methods="5" coveredmethods="1"/>
      <file name="databaseFactory.js" path="D:\TI\Dev_Foundation\FASE_4\hands_on\api-rest-pos-fiap-test\src\config\databaseFactory.js">
        <metrics statements="17" coveredstatements="3" conditionals="17" coveredconditionals="0" methods="5" coveredmethods="1"/>
        <line num="5" count="1" type="stmt"/>
        <line num="9" count="1" type="stmt"/>
        <line num="13" count="0" type="cond" truecount="0" falsecount="2"/>
        <line num="33" count="0" type="stmt"/>
        <line num="45" count="0" type="cond" truecount="0" falsecount="2"/>
        <line num="46" count="0" type="stmt"/>
        <line num="59" count="0" type="stmt"/>
        <line num="69" count="0" type="cond" truecount="0" falsecount="2"/>
        <line num="70" count="0" type="stmt"/>
        <line num="71" count="0" type="stmt"/>
        <line num="72" count="0" type="stmt"/>
        <line num="74" count="0" type="stmt"/>
        <line num="79" count="0" type="cond" truecount="0" falsecount="2"/>
        <line num="80" count="0" type="stmt"/>
        <line num="81" count="0" type="stmt"/>
        <line num="83" count="0" type="stmt"/>
        <line num="87" count="1" type="stmt"/>
      </file>
    </package>
    <package name="models">
      <metrics statements="1" coveredstatements="1" conditionals="0" coveredconditionals="0" methods="1" coveredmethods="1"/>
      <file name="mensagem.js" path="D:\TI\Dev_Foundation\FASE_4\hands_on\api-rest-pos-fiap-test\src\models\mensagem.js">
        <metrics statements="1" coveredstatements="1" conditionals="0" coveredconditionals="0" methods="1" coveredmethods="1"/>
        <line num="8" count="1" type="stmt"/>
      </file>
    </package>
  </project>
</coverage>
