<?xml version="1.0" encoding="UTF-8"?>
<coverage generated="1761941575488" clover="3.2.0">
  <project timestamp="1761941575488" name="All files">
    <metrics statements="20" coveredstatements="8" conditionals="19" coveredconditionals="7" methods="6" coveredmethods="3" elements="45" coveredelements="18" complexity="0" loc="20" ncloc="20" packages="2" files="3" classes="3"/>
    <package name="config">
      <metrics statements="18" coveredstatements="6" conditionals="19" coveredconditionals="7" methods="5" coveredmethods="2"/>
      <file name="databaseFactory.js" path="D:\TI\Dev_Foundation\FASE_4\hands_on\api-rest-pos-fiap-test\src\config\databaseFactory.js">
        <metrics statements="18" coveredstatements="6" conditionals="19" coveredconditionals="7" methods="5" coveredmethods="2"/>
        <line num="5" count="2" type="stmt"/>
        <line num="9" count="2" type="stmt"/>
        <line num="13" count="2" type="cond" truecount="1" falsecount="1"/>
        <line num="34" count="2" type="stmt"/>
        <line num="46" count="0" type="cond" truecount="0" falsecount="2"/>
        <line num="47" count="0" type="stmt"/>
        <line num="60" count="0" type="stmt"/>
        <line num="70" count="0" type="cond" truecount="0" falsecount="2"/>
        <line num="71" count="0" type="stmt"/>
        <line num="72" count="0" type="stmt"/>
        <line num="73" count="0" type="stmt"/>
        <line num="75" count="0" type="stmt"/>
        <line num="80" count="0" type="cond" truecount="0" falsecount="2"/>
        <line num="81" count="0" type="stmt"/>
        <line num="82" count="0" type="stmt"/>
        <line num="84" count="0" type="stmt"/>
        <line num="88" count="2" type="stmt"/>
        <line num="89" count="2" type="stmt"/>
      </file>
    </package>
    <package name="models">
      <metrics statements="2" coveredstatements="2" conditionals="0" coveredconditionals="0" methods="1" coveredmethods="1"/>
      <file name="index.js" path="D:\TI\Dev_Foundation\FASE_4\hands_on\api-rest-pos-fiap-test\src\models\index.js">
        <metrics statements="1" coveredstatements="1" conditionals="0" coveredconditionals="0" methods="0" coveredmethods="0"/>
        <line num="4" count="1" type="stmt"/>
      </file>
      <file name="mensagem.js" path="D:\TI\Dev_Foundation\FASE_4\hands_on\api-rest-pos-fiap-test\src\models\mensagem.js">
        <metrics statements="1" coveredstatements="1" conditionals="0" coveredconditionals="0" methods="1" coveredmethods="1"/>
        <line num="8" count="2" type="stmt"/>
      </file>
    </package>
  </project>
</coverage>
