{"D:\\TI\\Dev_Foundation\\FASE_4\\hands_on\\api-rest-pos-fiap-test\\src\\config\\databaseFactory.js": {"path":"D:\\TI\\Dev_Foundation\\FASE_4\\hands_on\\api-rest-pos-fiap-test\\src\\config\\databaseFactory.js","statementMap":{"0":{"start":{"line":5,"column":0},"end":{"line":5,"column":16}},"1":{"start":{"line":9,"column":8},"end":{"line":9,"column":30}},"2":{"start":{"line":13,"column":8},"end":{"line":32,"column":17}},"3":{"start":{"line":33,"column":16},"end":{"line":38,"column":18}},"4":{"start":{"line":45,"column":8},"end":{"line":57,"column":9}},"5":{"start":{"line":46,"column":12},"end":{"line":56,"column":13}},"6":{"start":{"line":59,"column":8},"end":{"line":64,"column":9}},"7":{"start":{"line":69,"column":8},"end":{"line":75,"column":9}},"8":{"start":{"line":70,"column":12},"end":{"line":70,"column":41}},"9":{"start":{"line":71,"column":12},"end":{"line":71,"column":34}},"10":{"start":{"line":72,"column":12},"end":{"line":72,"column":65}},"11":{"start":{"line":74,"column":12},"end":{"line":74,"column":68}},"12":{"start":{"line":79,"column":8},"end":{"line":82,"column":9}},"13":{"start":{"line":80,"column":12},"end":{"line":80,"column":70}},"14":{"start":{"line":81,"column":12},"end":{"line":81,"column":23}},"15":{"start":{"line":83,"column":8},"end":{"line":83,"column":29}},"16":{"start":{"line":87,"column":18},"end":{"line":87,"column":39}}},"fnMap":{"0":{"name":"(anonymous_0)","decl":{"start":{"line":8,"column":4},"end":{"line":8,"column":5}},"loc":{"start":{"line":8,"column":18},"end":{"line":10,"column":5}},"line":8},"1":{"name":"(anonymous_1)","decl":{"start":{"line":11,"column":4},"end":{"line":11,"column":5}},"loc":{"start":{"line":11,"column":27},"end":{"line":39,"column":5}},"line":11},"2":{"name":"(anonymous_2)","decl":{"start":{"line":44,"column":4},"end":{"line":44,"column":5}},"loc":{"start":{"line":44,"column":27},"end":{"line":67,"column":5}},"line":44},"3":{"name":"(anonymous_3)","decl":{"start":{"line":68,"column":4},"end":{"line":68,"column":5}},"loc":{"start":{"line":68,"column":23},"end":{"line":76,"column":5}},"line":68},"4":{"name":"(anonymous_4)","decl":{"start":{"line":78,"column":4},"end":{"line":78,"column":5}},"loc":{"start":{"line":78,"column":18},"end":{"line":84,"column":5}},"line":78}},"branchMap":{"0":{"loc":{"start":{"line":13,"column":8},"end":{"line":32,"column":17}},"type":"cond-expr","locations":[{"start":{"line":13,"column":44},"end":{"line":20,"column":13}},{"start":{"line":21,"column":18},"end":{"line":32,"column":17}}],"line":13},"1":{"loc":{"start":{"line":29,"column":33},"end":{"line":29,"column":75}},"type":"binary-expr","locations":[{"start":{"line":29,"column":33},"end":{"line":29,"column":66}},{"start":{"line":29,"column":70},"end":{"line":29,"column":75}}],"line":29},"2":{"loc":{"start":{"line":34,"column":20},"end":{"line":34,"column":48}},"type":"binary-expr","locations":[{"start":{"line":34,"column":20},"end":{"line":34,"column":35}},{"start":{"line":34,"column":39},"end":{"line":34,"column":48}}],"line":34},"3":{"loc":{"start":{"line":35,"column":20},"end":{"line":35,"column":48}},"type":"binary-expr","locations":[{"start":{"line":35,"column":20},"end":{"line":35,"column":35}},{"start":{"line":35,"column":39},"end":{"line":35,"column":48}}],"line":35},"4":{"loc":{"start":{"line":36,"column":20},"end":{"line":36,"column":48}},"type":"binary-expr","locations":[{"start":{"line":36,"column":20},"end":{"line":36,"column":35}},{"start":{"line":36,"column":39},"end":{"line":36,"column":48}}],"line":36},"5":{"loc":{"start":{"line":44,"column":12},"end":{"line":44,"column":25}},"type":"default-arg","locations":[{"start":{"line":44,"column":21},"end":{"line":44,"column":25}}],"line":44},"6":{"loc":{"start":{"line":45,"column":8},"end":{"line":57,"column":9}},"type":"if","locations":[{"start":{"line":45,"column":8},"end":{"line":57,"column":9}},{"start":{},"end":{}}],"line":45},"7":{"loc":{"start":{"line":69,"column":8},"end":{"line":75,"column":9}},"type":"if","locations":[{"start":{"line":69,"column":8},"end":{"line":75,"column":9}},{"start":{"line":73,"column":15},"end":{"line":75,"column":9}}],"line":69},"8":{"loc":{"start":{"line":79,"column":8},"end":{"line":82,"column":9}},"type":"if","locations":[{"start":{"line":79,"column":8},"end":{"line":82,"column":9}},{"start":{},"end":{}}],"line":79}},"s":{"0":1,"1":1,"2":0,"3":0,"4":0,"5":0,"6":0,"7":0,"8":0,"9":0,"10":0,"11":0,"12":0,"13":0,"14":0,"15":0,"16":1},"f":{"0":1,"1":0,"2":0,"3":0,"4":0},"b":{"0":[0,0],"1":[0,0],"2":[0,0],"3":[0,0],"4":[0,0],"5":[0],"6":[0,0],"7":[0,0],"8":[0,0]},"_coverageSchema":"1a1c01bbd47fc00a2c39e90264f33305004495a9","hash":"ede97cfa07f5ffb949965e3a169a8aecd74af743"}
,"D:\\TI\\Dev_Foundation\\FASE_4\\hands_on\\api-rest-pos-fiap-test\\src\\models\\mensagem.js": {"path":"D:\\TI\\Dev_Foundation\\FASE_4\\hands_on\\api-rest-pos-fiap-test\\src\\models\\mensagem.js","statementMap":{"0":{"start":{"line":8,"column":4},"end":{"line":57,"column":7}}},"fnMap":{"0":{"name":"(anonymous_0)","decl":{"start":{"line":6,"column":2},"end":{"line":6,"column":3}},"loc":{"start":{"line":6,"column":25},"end":{"line":60,"column":3}},"line":6}},"branchMap":{},"s":{"0":1},"f":{"0":1},"b":{},"_coverageSchema":"1a1c01bbd47fc00a2c39e90264f33305004495a9","hash":"16f86466409ccea67857736c02c2270249292a4e"}
}
