{"D:\\TI\\Dev_Foundation\\FASE_4\\hands_on\\api-rest-pos-fiap-test\\src\\config\\databaseFactory.js": {"path":"D:\\TI\\Dev_Foundation\\FASE_4\\hands_on\\api-rest-pos-fiap-test\\src\\config\\databaseFactory.js","statementMap":{"0":{"start":{"line":5,"column":0},"end":{"line":5,"column":16}},"1":{"start":{"line":9,"column":8},"end":{"line":9,"column":30}},"2":{"start":{"line":13,"column":8},"end":{"line":33,"column":17}},"3":{"start":{"line":34,"column":16},"end":{"line":39,"column":18}},"4":{"start":{"line":46,"column":8},"end":{"line":58,"column":9}},"5":{"start":{"line":47,"column":12},"end":{"line":57,"column":13}},"6":{"start":{"line":60,"column":8},"end":{"line":65,"column":9}},"7":{"start":{"line":70,"column":8},"end":{"line":76,"column":9}},"8":{"start":{"line":71,"column":12},"end":{"line":71,"column":41}},"9":{"start":{"line":72,"column":12},"end":{"line":72,"column":34}},"10":{"start":{"line":73,"column":12},"end":{"line":73,"column":65}},"11":{"start":{"line":75,"column":12},"end":{"line":75,"column":68}},"12":{"start":{"line":80,"column":8},"end":{"line":83,"column":9}},"13":{"start":{"line":81,"column":12},"end":{"line":81,"column":70}},"14":{"start":{"line":82,"column":12},"end":{"line":82,"column":23}},"15":{"start":{"line":84,"column":8},"end":{"line":84,"column":29}},"16":{"start":{"line":88,"column":24},"end":{"line":88,"column":45}},"17":{"start":{"line":89,"column":18},"end":{"line":89,"column":56}}},"fnMap":{"0":{"name":"(anonymous_0)","decl":{"start":{"line":8,"column":4},"end":{"line":8,"column":5}},"loc":{"start":{"line":8,"column":18},"end":{"line":10,"column":5}},"line":8},"1":{"name":"(anonymous_1)","decl":{"start":{"line":11,"column":4},"end":{"line":11,"column":5}},"loc":{"start":{"line":11,"column":27},"end":{"line":40,"column":5}},"line":11},"2":{"name":"(anonymous_2)","decl":{"start":{"line":45,"column":4},"end":{"line":45,"column":5}},"loc":{"start":{"line":45,"column":27},"end":{"line":68,"column":5}},"line":45},"3":{"name":"(anonymous_3)","decl":{"start":{"line":69,"column":4},"end":{"line":69,"column":5}},"loc":{"start":{"line":69,"column":23},"end":{"line":77,"column":5}},"line":69},"4":{"name":"(anonymous_4)","decl":{"start":{"line":79,"column":4},"end":{"line":79,"column":5}},"loc":{"start":{"line":79,"column":18},"end":{"line":85,"column":5}},"line":79}},"branchMap":{"0":{"loc":{"start":{"line":13,"column":8},"end":{"line":33,"column":17}},"type":"cond-expr","locations":[{"start":{"line":13,"column":44},"end":{"line":20,"column":13}},{"start":{"line":21,"column":18},"end":{"line":33,"column":17}}],"line":13},"1":{"loc":{"start":{"line":29,"column":30},"end":{"line":29,"column":70}},"type":"binary-expr","locations":[{"start":{"line":29,"column":30},"end":{"line":29,"column":61}},{"start":{"line":29,"column":65},"end":{"line":29,"column":70}}],"line":29},"2":{"loc":{"start":{"line":30,"column":33},"end":{"line":30,"column":75}},"type":"binary-expr","locations":[{"start":{"line":30,"column":33},"end":{"line":30,"column":66}},{"start":{"line":30,"column":70},"end":{"line":30,"column":75}}],"line":30},"3":{"loc":{"start":{"line":35,"column":20},"end":{"line":35,"column":48}},"type":"binary-expr","locations":[{"start":{"line":35,"column":20},"end":{"line":35,"column":35}},{"start":{"line":35,"column":39},"end":{"line":35,"column":48}}],"line":35},"4":{"loc":{"start":{"line":36,"column":20},"end":{"line":36,"column":48}},"type":"binary-expr","locations":[{"start":{"line":36,"column":20},"end":{"line":36,"column":35}},{"start":{"line":36,"column":39},"end":{"line":36,"column":48}}],"line":36},"5":{"loc":{"start":{"line":37,"column":20},"end":{"line":37,"column":48}},"type":"binary-expr","locations":[{"start":{"line":37,"column":20},"end":{"line":37,"column":35}},{"start":{"line":37,"column":39},"end":{"line":37,"column":48}}],"line":37},"6":{"loc":{"start":{"line":45,"column":12},"end":{"line":45,"column":25}},"type":"default-arg","locations":[{"start":{"line":45,"column":21},"end":{"line":45,"column":25}}],"line":45},"7":{"loc":{"start":{"line":46,"column":8},"end":{"line":58,"column":9}},"type":"if","locations":[{"start":{"line":46,"column":8},"end":{"line":58,"column":9}},{"start":{},"end":{}}],"line":46},"8":{"loc":{"start":{"line":70,"column":8},"end":{"line":76,"column":9}},"type":"if","locations":[{"start":{"line":70,"column":8},"end":{"line":76,"column":9}},{"start":{"line":74,"column":15},"end":{"line":76,"column":9}}],"line":70},"9":{"loc":{"start":{"line":80,"column":8},"end":{"line":83,"column":9}},"type":"if","locations":[{"start":{"line":80,"column":8},"end":{"line":83,"column":9}},{"start":{},"end":{}}],"line":80}},"s":{"0":1,"1":1,"2":1,"3":1,"4":0,"5":0,"6":0,"7":0,"8":0,"9":0,"10":0,"11":0,"12":0,"13":0,"14":0,"15":0,"16":1,"17":1},"f":{"0":1,"1":1,"2":0,"3":0,"4":0},"b":{"0":[1,0],"1":[0,0],"2":[0,0],"3":[1,1],"4":[1,1],"5":[1,1],"6":[0],"7":[0,0],"8":[0,0],"9":[0,0]},"_coverageSchema":"1a1c01bbd47fc00a2c39e90264f33305004495a9","hash":"d56c3a66eebd6503ce6f9e1457295e3f60b85f5b"}
,"D:\\TI\\Dev_Foundation\\FASE_4\\hands_on\\api-rest-pos-fiap-test\\src\\controllers\\mensagemController.js": {"path":"D:\\TI\\Dev_Foundation\\FASE_4\\hands_on\\api-rest-pos-fiap-test\\src\\controllers\\mensagemController.js","statementMap":{"0":{"start":{"line":10,"column":8},"end":{"line":10,"column":31}},"1":{"start":{"line":13,"column":8},"end":{"line":21,"column":9}},"2":{"start":{"line":14,"column":29},"end":{"line":14,"column":67}},"3":{"start":{"line":15,"column":12},"end":{"line":15,"column":42}},"4":{"start":{"line":17,"column":12},"end":{"line":19,"column":14}},"5":{"start":{"line":24,"column":8},"end":{"line":32,"column":9}},"6":{"start":{"line":25,"column":29},"end":{"line":25,"column":67}},"7":{"start":{"line":26,"column":12},"end":{"line":26,"column":50}},"8":{"start":{"line":28,"column":12},"end":{"line":31,"column":14}},"9":{"start":{"line":36,"column":8},"end":{"line":44,"column":9}},"10":{"start":{"line":37,"column":29},"end":{"line":37,"column":67}},"11":{"start":{"line":38,"column":12},"end":{"line":38,"column":50}},"12":{"start":{"line":40,"column":12},"end":{"line":43,"column":14}},"13":{"start":{"line":48,"column":8},"end":{"line":56,"column":9}},"14":{"start":{"line":49,"column":29},"end":{"line":49,"column":67}},"15":{"start":{"line":50,"column":12},"end":{"line":50,"column":50}},"16":{"start":{"line":52,"column":12},"end":{"line":55,"column":14}}},"fnMap":{"0":{"name":"(anonymous_0)","decl":{"start":{"line":9,"column":4},"end":{"line":9,"column":5}},"loc":{"start":{"line":9,"column":24},"end":{"line":11,"column":5}},"line":9},"1":{"name":"(anonymous_1)","decl":{"start":{"line":12,"column":4},"end":{"line":12,"column":5}},"loc":{"start":{"line":12,"column":29},"end":{"line":22,"column":5}},"line":12},"2":{"name":"(anonymous_2)","decl":{"start":{"line":23,"column":4},"end":{"line":23,"column":5}},"loc":{"start":{"line":23,"column":26},"end":{"line":33,"column":5}},"line":23},"3":{"name":"(anonymous_3)","decl":{"start":{"line":35,"column":4},"end":{"line":35,"column":5}},"loc":{"start":{"line":35,"column":29},"end":{"line":45,"column":5}},"line":35},"4":{"name":"(anonymous_4)","decl":{"start":{"line":47,"column":4},"end":{"line":47,"column":5}},"loc":{"start":{"line":47,"column":28},"end":{"line":57,"column":5}},"line":47}},"branchMap":{},"s":{"0":1,"1":2,"2":2,"3":1,"4":1,"5":0,"6":0,"7":0,"8":0,"9":0,"10":0,"11":0,"12":0,"13":0,"14":0,"15":0,"16":0},"f":{"0":1,"1":2,"2":0,"3":0,"4":0},"b":{},"_coverageSchema":"1a1c01bbd47fc00a2c39e90264f33305004495a9","hash":"58f4761b0eb298c28450c8431b791f97ca754667"}
,"D:\\TI\\Dev_Foundation\\FASE_4\\hands_on\\api-rest-pos-fiap-test\\src\\models\\index.js": {"path":"D:\\TI\\Dev_Foundation\\FASE_4\\hands_on\\api-rest-pos-fiap-test\\src\\models\\index.js","statementMap":{"0":{"start":{"line":4,"column":15},"end":{"line":6,"column":1}}},"fnMap":{},"branchMap":{},"s":{"0":1},"f":{},"b":{},"_coverageSchema":"1a1c01bbd47fc00a2c39e90264f33305004495a9","hash":"eab118af4b955021905124e49598915c571b0262"}
,"D:\\TI\\Dev_Foundation\\FASE_4\\hands_on\\api-rest-pos-fiap-test\\src\\models\\mensagem.js": {"path":"D:\\TI\\Dev_Foundation\\FASE_4\\hands_on\\api-rest-pos-fiap-test\\src\\models\\mensagem.js","statementMap":{"0":{"start":{"line":8,"column":4},"end":{"line":57,"column":7}}},"fnMap":{"0":{"name":"(anonymous_0)","decl":{"start":{"line":6,"column":2},"end":{"line":6,"column":3}},"loc":{"start":{"line":6,"column":25},"end":{"line":60,"column":3}},"line":6}},"branchMap":{},"s":{"0":2},"f":{"0":2},"b":{},"_coverageSchema":"1a1c01bbd47fc00a2c39e90264f33305004495a9","hash":"16f86466409ccea67857736c02c2270249292a4e"}
,"D:\\TI\\Dev_Foundation\\FASE_4\\hands_on\\api-rest-pos-fiap-test\\src\\services\\mensagemService.js": {"path":"D:\\TI\\Dev_Foundation\\FASE_4\\hands_on\\api-rest-pos-fiap-test\\src\\services\\mensagemService.js","statementMap":{"0":{"start":{"line":9,"column":4},"end":{"line":9,"column":23}},"1":{"start":{"line":13,"column":4},"end":{"line":19,"column":5}},"2":{"start":{"line":14,"column":27},"end":{"line":14,"column":53}},"3":{"start":{"line":15,"column":6},"end":{"line":15,"column":32}},"4":{"start":{"line":16,"column":6},"end":{"line":16,"column":35}},"5":{"start":{"line":18,"column":6},"end":{"line":18,"column":70}},"6":{"start":{"line":22,"column":4},"end":{"line":30,"column":5}},"7":{"start":{"line":23,"column":23},"end":{"line":23,"column":46}},"8":{"start":{"line":24,"column":6},"end":{"line":26,"column":7}},"9":{"start":{"line":25,"column":8},"end":{"line":25,"column":50}},"10":{"start":{"line":27,"column":6},"end":{"line":27,"column":31}},"11":{"start":{"line":29,"column":6},"end":{"line":29,"column":77}}},"fnMap":{"0":{"name":"(anonymous_0)","decl":{"start":{"line":8,"column":2},"end":{"line":8,"column":3}},"loc":{"start":{"line":8,"column":21},"end":{"line":10,"column":3}},"line":8},"1":{"name":"(anonymous_1)","decl":{"start":{"line":12,"column":2},"end":{"line":12,"column":3}},"loc":{"start":{"line":12,"column":28},"end":{"line":20,"column":3}},"line":12},"2":{"name":"(anonymous_2)","decl":{"start":{"line":21,"column":2},"end":{"line":21,"column":3}},"loc":{"start":{"line":21,"column":24},"end":{"line":31,"column":3}},"line":21}},"branchMap":{"0":{"loc":{"start":{"line":24,"column":6},"end":{"line":26,"column":7}},"type":"if","locations":[{"start":{"line":24,"column":6},"end":{"line":26,"column":7}},{"start":{},"end":{}}],"line":24}},"s":{"0":2,"1":4,"2":4,"3":4,"4":2,"5":2,"6":0,"7":0,"8":0,"9":0,"10":0,"11":0},"f":{"0":2,"1":4,"2":0},"b":{"0":[0,0]},"_coverageSchema":"1a1c01bbd47fc00a2c39e90264f33305004495a9","hash":"9bfd443603088f56130d9773e918848f9c9aa667"}
}
