TN:
SF:src\config\databaseFactory.js
FN:8,(anonymous_0)
FN:11,(anonymous_1)
FN:44,(anonymous_2)
FN:68,(anonymous_3)
FN:78,(anonymous_4)
FNF:5
FNH:1
FNDA:1,(anonymous_0)
FNDA:0,(anonymous_1)
FNDA:0,(anonymous_2)
FNDA:0,(anonymous_3)
FNDA:0,(anonymous_4)
DA:5,1
DA:9,1
DA:13,0
DA:33,0
DA:45,0
DA:46,0
DA:59,0
DA:69,0
DA:70,0
DA:71,0
DA:72,0
DA:74,0
DA:79,0
DA:80,0
DA:81,0
DA:83,0
DA:87,1
LF:17
LH:3
BRDA:13,0,0,0
BRDA:13,0,1,0
BRDA:29,1,0,0
BRDA:29,1,1,0
BRDA:34,2,0,0
BRDA:34,2,1,0
BRDA:35,3,0,0
BRDA:35,3,1,0
BRDA:36,4,0,0
BRDA:36,4,1,0
BRDA:44,5,0,0
BRDA:45,6,0,0
BRDA:45,6,1,0
BRDA:69,7,0,0
BRDA:69,7,1,0
BRDA:79,8,0,0
BRDA:79,8,1,0
BRF:17
BRH:0
end_of_record
TN:
SF:src\models\mensagem.js
FN:6,(anonymous_0)
FNF:1
FNH:1
FNDA:1,(anonymous_0)
DA:8,1
LF:1
LH:1
BRF:0
BRH:0
end_of_record
